<?xml version="1.0" encoding="UTF-8"?>
<testng-results ignored="0" total="7" passed="7" failed="0" skipped="0">
  <reporter-output>
  </reporter-output>
  <suite started-at="2021-10-14T15:40:35 EEST" name="All Test Suite" finished-at="2021-10-14T15:44:59 EEST" duration-ms="263852">
    <groups>
      <group name="smoke">
        <method signature="MainTest.MainPageTest()[pri:0, instance:tests.MainTest@2bc9a775]" name="MainPageTest" class="tests.MainTest"/>
        <method signature="MainTest.SearchTest()[pri:0, instance:tests.MainTest@2bc9a775]" name="SearchTest" class="tests.MainTest"/>
      </group> <!-- smoke -->
    </groups>
    <test started-at="2021-10-14T15:40:35 EEST" name="C:/QA/AutoTesting/Color-it" finished-at="2021-10-14T15:44:59 EEST" duration-ms="263852">
      <class name="tests.CheckOutTest">
        <test-method is-config="true" signature="start()[pri:0, instance:tests.CheckOutTest@834831b]" started-at="2021-10-14T15:43:31 EEST" name="start" finished-at="2021-10-14T15:43:34 EEST" duration-ms="2243" status="PASS">
          <reporter-output>
          </reporter-output>
        </test-method> <!-- start -->
        <test-method signature="verifyCheckOutPage()[pri:0, instance:tests.CheckOutTest@834831b]" started-at="2021-10-14T15:43:34 EEST" name="verifyCheckOutPage" finished-at="2021-10-14T15:44:26 EEST" duration-ms="52159" status="PASS">
          <reporter-output>
          </reporter-output>
        </test-method> <!-- verifyCheckOutPage -->
        <test-method is-config="true" signature="close()[pri:0, instance:tests.CheckOutTest@834831b]" started-at="2021-10-14T15:44:26 EEST" name="close" finished-at="2021-10-14T15:44:27 EEST" duration-ms="857" status="PASS">
          <reporter-output>
          </reporter-output>
        </test-method> <!-- close -->
      </class> <!-- tests.CheckOutTest -->
      <class name="tests.CartTest">
        <test-method is-config="true" signature="start()[pri:0, instance:tests.CartTest@6441c486]" started-at="2021-10-14T15:42:09 EEST" name="start" finished-at="2021-10-14T15:42:11 EEST" duration-ms="1649" status="PASS">
          <reporter-output>
          </reporter-output>
        </test-method> <!-- start -->
        <test-method signature="verifyCartPage()[pri:0, instance:tests.CartTest@6441c486]" started-at="2021-10-14T15:42:11 EEST" name="verifyCartPage" finished-at="2021-10-14T15:43:31 EEST" duration-ms="80133" status="PASS">
          <reporter-output>
          </reporter-output>
        </test-method> <!-- verifyCartPage -->
        <test-method is-config="true" signature="close()[pri:0, instance:tests.CartTest@6441c486]" started-at="2021-10-14T15:43:31 EEST" name="close" finished-at="2021-10-14T15:43:31 EEST" duration-ms="759" status="PASS">
          <reporter-output>
          </reporter-output>
        </test-method> <!-- close -->
      </class> <!-- tests.CartTest -->
      <class name="tests.MainTest">
        <test-method is-config="true" signature="start()[pri:0, instance:tests.MainTest@2bc9a775]" started-at="2021-10-14T15:40:35 EEST" name="start" finished-at="2021-10-14T15:40:45 EEST" duration-ms="10336" status="PASS">
          <reporter-output>
          </reporter-output>
        </test-method> <!-- start -->
        <test-method signature="MainPageTest()[pri:0, instance:tests.MainTest@2bc9a775]" started-at="2021-10-14T15:40:46 EEST" name="MainPageTest" finished-at="2021-10-14T15:40:57 EEST" duration-ms="11004" status="PASS">
          <reporter-output>
          </reporter-output>
        </test-method> <!-- MainPageTest -->
        <test-method is-config="true" signature="close()[pri:0, instance:tests.MainTest@2bc9a775]" started-at="2021-10-14T15:40:57 EEST" name="close" finished-at="2021-10-14T15:40:58 EEST" duration-ms="1215" status="PASS">
          <reporter-output>
          </reporter-output>
        </test-method> <!-- close -->
        <test-method is-config="true" signature="start()[pri:0, instance:tests.MainTest@2bc9a775]" started-at="2021-10-14T15:40:58 EEST" name="start" finished-at="2021-10-14T15:41:00 EEST" duration-ms="1881" status="PASS">
          <reporter-output>
          </reporter-output>
        </test-method> <!-- start -->
        <test-method signature="SearchTest()[pri:0, instance:tests.MainTest@2bc9a775]" started-at="2021-10-14T15:41:00 EEST" name="SearchTest" finished-at="2021-10-14T15:41:26 EEST" duration-ms="25608" status="PASS">
          <reporter-output>
          </reporter-output>
        </test-method> <!-- SearchTest -->
        <test-method is-config="true" signature="close()[pri:0, instance:tests.MainTest@2bc9a775]" started-at="2021-10-14T15:41:26 EEST" name="close" finished-at="2021-10-14T15:41:26 EEST" duration-ms="704" status="PASS">
          <reporter-output>
          </reporter-output>
        </test-method> <!-- close -->
        <test-method is-config="true" signature="start()[pri:0, instance:tests.MainTest@2bc9a775]" started-at="2021-10-14T15:41:26 EEST" name="start" finished-at="2021-10-14T15:41:28 EEST" duration-ms="1801" status="PASS">
          <reporter-output>
          </reporter-output>
        </test-method> <!-- start -->
        <test-method signature="addToCart()[pri:0, instance:tests.MainTest@2bc9a775]" started-at="2021-10-14T15:41:28 EEST" name="addToCart" finished-at="2021-10-14T15:41:41 EEST" duration-ms="12806" status="PASS">
          <reporter-output>
          </reporter-output>
        </test-method> <!-- addToCart -->
        <test-method is-config="true" signature="close()[pri:0, instance:tests.MainTest@2bc9a775]" started-at="2021-10-14T15:41:41 EEST" name="close" finished-at="2021-10-14T15:41:42 EEST" duration-ms="863" status="PASS">
          <reporter-output>
          </reporter-output>
        </test-method> <!-- close -->
        <test-method is-config="true" signature="start()[pri:0, instance:tests.MainTest@2bc9a775]" started-at="2021-10-14T15:41:42 EEST" name="start" finished-at="2021-10-14T15:41:43 EEST" duration-ms="1731" status="PASS">
          <reporter-output>
          </reporter-output>
        </test-method> <!-- start -->
        <test-method signature="addToCartAfterSearch()[pri:0, instance:tests.MainTest@2bc9a775]" started-at="2021-10-14T15:41:43 EEST" name="addToCartAfterSearch" finished-at="2021-10-14T15:42:08 EEST" duration-ms="24756" status="PASS">
          <reporter-output>
          </reporter-output>
        </test-method> <!-- addToCartAfterSearch -->
        <test-method is-config="true" signature="close()[pri:0, instance:tests.MainTest@2bc9a775]" started-at="2021-10-14T15:42:08 EEST" name="close" finished-at="2021-10-14T15:42:09 EEST" duration-ms="706" status="PASS">
          <reporter-output>
          </reporter-output>
        </test-method> <!-- close -->
      </class> <!-- tests.MainTest -->
      <class name="tests.End2End">
        <test-method is-config="true" signature="start()[pri:0, instance:tests.End2End@234a8f27]" started-at="2021-10-14T15:44:27 EEST" name="start" finished-at="2021-10-14T15:44:29 EEST" duration-ms="1804" status="PASS">
          <reporter-output>
          </reporter-output>
        </test-method> <!-- start -->
        <test-method signature="end2end()[pri:0, instance:tests.End2End@234a8f27]" started-at="2021-10-14T15:44:29 EEST" name="end2end" finished-at="2021-10-14T15:44:58 EEST" duration-ms="29495" status="PASS">
          <reporter-output>
          </reporter-output>
        </test-method> <!-- end2end -->
        <test-method is-config="true" signature="close()[pri:0, instance:tests.End2End@234a8f27]" started-at="2021-10-14T15:44:58 EEST" name="close" finished-at="2021-10-14T15:44:59 EEST" duration-ms="696" status="PASS">
          <reporter-output>
          </reporter-output>
        </test-method> <!-- close -->
      </class> <!-- tests.End2End -->
    </test> <!-- C:/QA/AutoTesting/Color-it -->
  </suite> <!-- All Test Suite -->
</testng-results>
