<?xml version="1.0" encoding="UTF-8"?>
<testsuite xmlns:xsi="http://www.w3.org/2001/XMLSchema-instance" xsi:noNamespaceSchemaLocation="https://maven.apache.org/surefire/maven-surefire-plugin/xsd/surefire-test-report-3.0.xsd" version="3.0" name="TestSuite" time="267.077" tests="7" errors="0" skipped="0" failures="0">
  <properties>
[...]
</properties>
  <testcase name="MainPageTest" classname="tests.MainTest" time="11.018"/>
  <testcase name="SearchTest" classname="tests.MainTest" time="25.6"/>
  <testcase name="addToCart" classname="tests.MainTest" time="12.803"/>
  <testcase name="addToCartAfterSearch" classname="tests.MainTest" time="24.757"/>
  <testcase name="verifyCartPage" classname="tests.CartTest" time="80.13"/>
  <testcase name="verifyCheckOutPage" classname="tests.CheckOutTest" time="52.153"/>
  <testcase name="end2end" classname="tests.End2End" time="29.49"/>
</testsuite>